{"/mnt/c/Users/STD/ltuc/401/data-structures-and-algorithms/code-challenges/Data-Structures/linkedList/linked-list.js": {"path":"/mnt/c/Users/STD/ltuc/401/data-structures-and-algorithms/code-challenges/Data-Structures/linkedList/linked-list.js","statementMap":{"0":{"start":{"line":136,"column":4},"end":{"line":136,"column":23}},"1":{"start":{"line":137,"column":4},"end":{"line":137,"column":21}},"2":{"start":{"line":138,"column":4},"end":{"line":138,"column":25}},"3":{"start":{"line":145,"column":4},"end":{"line":145,"column":21}},"4":{"start":{"line":146,"column":4},"end":{"line":146,"column":21}},"5":{"start":{"line":150,"column":20},"end":{"line":150,"column":35}},"6":{"start":{"line":151,"column":4},"end":{"line":156,"column":5}},"7":{"start":{"line":152,"column":6},"end":{"line":152,"column":26}},"8":{"start":{"line":154,"column":6},"end":{"line":154,"column":31}},"9":{"start":{"line":155,"column":6},"end":{"line":155,"column":35}},"10":{"start":{"line":157,"column":4},"end":{"line":157,"column":24}},"11":{"start":{"line":158,"column":4},"end":{"line":158,"column":19}},"12":{"start":{"line":162,"column":22},"end":{"line":162,"column":31}},"13":{"start":{"line":164,"column":4},"end":{"line":172,"column":5}},"14":{"start":{"line":166,"column":6},"end":{"line":169,"column":7}},"15":{"start":{"line":168,"column":8},"end":{"line":168,"column":20}},"16":{"start":{"line":170,"column":6},"end":{"line":170,"column":37}},"17":{"start":{"line":173,"column":4},"end":{"line":177,"column":19}},"18":{"start":{"line":174,"column":6},"end":{"line":174,"column":18}},"19":{"start":{"line":177,"column":6},"end":{"line":177,"column":19}},"20":{"start":{"line":181,"column":22},"end":{"line":181,"column":31}},"21":{"start":{"line":182,"column":14},"end":{"line":182,"column":16}},"22":{"start":{"line":183,"column":4},"end":{"line":186,"column":5}},"23":{"start":{"line":184,"column":6},"end":{"line":184,"column":44}},"24":{"start":{"line":185,"column":6},"end":{"line":185,"column":37}},"25":{"start":{"line":187,"column":4},"end":{"line":187,"column":46}},"26":{"start":{"line":188,"column":4},"end":{"line":188,"column":15}},"27":{"start":{"line":194,"column":17},"end":{"line":194,"column":33}},"28":{"start":{"line":195,"column":4},"end":{"line":198,"column":5}},"29":{"start":{"line":196,"column":6},"end":{"line":196,"column":23}},"30":{"start":{"line":197,"column":6},"end":{"line":197,"column":18}},"31":{"start":{"line":199,"column":22},"end":{"line":199,"column":31}},"32":{"start":{"line":200,"column":4},"end":{"line":202,"column":5}},"33":{"start":{"line":201,"column":6},"end":{"line":201,"column":37}},"34":{"start":{"line":203,"column":4},"end":{"line":203,"column":33}},"35":{"start":{"line":204,"column":4},"end":{"line":204,"column":28}},"36":{"start":{"line":205,"column":4},"end":{"line":205,"column":16}},"37":{"start":{"line":209,"column":17},"end":{"line":209,"column":33}},"38":{"start":{"line":210,"column":4},"end":{"line":213,"column":5}},"39":{"start":{"line":211,"column":6},"end":{"line":211,"column":23}},"40":{"start":{"line":212,"column":6},"end":{"line":212,"column":18}},"41":{"start":{"line":214,"column":22},"end":{"line":214,"column":31}},"42":{"start":{"line":215,"column":4},"end":{"line":217,"column":5}},"43":{"start":{"line":216,"column":6},"end":{"line":216,"column":41}},"44":{"start":{"line":218,"column":4},"end":{"line":218,"column":41}},"45":{"start":{"line":219,"column":4},"end":{"line":219,"column":28}},"46":{"start":{"line":220,"column":4},"end":{"line":220,"column":37}},"47":{"start":{"line":221,"column":4},"end":{"line":221,"column":32}},"48":{"start":{"line":222,"column":4},"end":{"line":222,"column":16}},"49":{"start":{"line":228,"column":0},"end":{"line":228,"column":28}}},"fnMap":{"0":{"name":"(anonymous_0)","decl":{"start":{"line":135,"column":2},"end":{"line":135,"column":3}},"loc":{"start":{"line":135,"column":21},"end":{"line":139,"column":3}},"line":135},"1":{"name":"(anonymous_1)","decl":{"start":{"line":144,"column":2},"end":{"line":144,"column":3}},"loc":{"start":{"line":144,"column":16},"end":{"line":147,"column":3}},"line":144},"2":{"name":"(anonymous_2)","decl":{"start":{"line":149,"column":2},"end":{"line":149,"column":3}},"loc":{"start":{"line":149,"column":16},"end":{"line":159,"column":3}},"line":149},"3":{"name":"(anonymous_3)","decl":{"start":{"line":161,"column":2},"end":{"line":161,"column":3}},"loc":{"start":{"line":161,"column":18},"end":{"line":178,"column":3}},"line":161},"4":{"name":"(anonymous_4)","decl":{"start":{"line":180,"column":2},"end":{"line":180,"column":3}},"loc":{"start":{"line":180,"column":13},"end":{"line":189,"column":3}},"line":180},"5":{"name":"(anonymous_5)","decl":{"start":{"line":193,"column":2},"end":{"line":193,"column":3}},"loc":{"start":{"line":193,"column":30},"end":{"line":206,"column":3}},"line":193},"6":{"name":"(anonymous_6)","decl":{"start":{"line":208,"column":2},"end":{"line":208,"column":3}},"loc":{"start":{"line":208,"column":29},"end":{"line":223,"column":3}},"line":208}},"branchMap":{"0":{"loc":{"start":{"line":151,"column":4},"end":{"line":156,"column":5}},"type":"if","locations":[{"start":{"line":151,"column":4},"end":{"line":156,"column":5}},{"start":{"line":151,"column":4},"end":{"line":156,"column":5}}],"line":151},"1":{"loc":{"start":{"line":166,"column":6},"end":{"line":169,"column":7}},"type":"if","locations":[{"start":{"line":166,"column":6},"end":{"line":169,"column":7}},{"start":{"line":166,"column":6},"end":{"line":169,"column":7}}],"line":166},"2":{"loc":{"start":{"line":173,"column":4},"end":{"line":177,"column":19}},"type":"if","locations":[{"start":{"line":173,"column":4},"end":{"line":177,"column":19}},{"start":{"line":173,"column":4},"end":{"line":177,"column":19}}],"line":173},"3":{"loc":{"start":{"line":195,"column":4},"end":{"line":198,"column":5}},"type":"if","locations":[{"start":{"line":195,"column":4},"end":{"line":198,"column":5}},{"start":{"line":195,"column":4},"end":{"line":198,"column":5}}],"line":195},"4":{"loc":{"start":{"line":200,"column":11},"end":{"line":200,"column":63}},"type":"binary-expr","locations":[{"start":{"line":200,"column":11},"end":{"line":200,"column":27}},{"start":{"line":200,"column":31},"end":{"line":200,"column":63}}],"line":200},"5":{"loc":{"start":{"line":210,"column":4},"end":{"line":213,"column":5}},"type":"if","locations":[{"start":{"line":210,"column":4},"end":{"line":213,"column":5}},{"start":{"line":210,"column":4},"end":{"line":213,"column":5}}],"line":210},"6":{"loc":{"start":{"line":215,"column":11},"end":{"line":215,"column":71}},"type":"binary-expr","locations":[{"start":{"line":215,"column":11},"end":{"line":215,"column":31}},{"start":{"line":215,"column":35},"end":{"line":215,"column":71}}],"line":215}},"s":{"0":13,"1":13,"2":13,"3":6,"4":6,"5":11,"6":11,"7":5,"8":6,"9":6,"10":11,"11":11,"12":1,"13":1,"14":0,"15":0,"16":0,"17":1,"18":1,"19":0,"20":3,"21":3,"22":3,"23":8,"24":8,"25":3,"26":3,"27":1,"28":1,"29":0,"30":0,"31":1,"32":1,"33":0,"34":1,"35":1,"36":1,"37":1,"38":1,"39":0,"40":0,"41":1,"42":1,"43":0,"44":1,"45":1,"46":1,"47":1,"48":1,"49":1},"f":{"0":13,"1":6,"2":11,"3":1,"4":3,"5":1,"6":1},"b":{"0":[5,6],"1":[0,0],"2":[1,0],"3":[0,1],"4":[1,1],"5":[0,1],"6":[1,1]},"_coverageSchema":"1a1c01bbd47fc00a2c39e90264f33305004495a9","hash":"ef84684ccd94c28ab624ccb6bb922ad437f00c7c"}
,"/mnt/c/Users/STD/ltuc/401/data-structures-and-algorithms/code-challenges/arrayBinarySearch/array-binary-search.js": {"path":"/mnt/c/Users/STD/ltuc/401/data-structures-and-algorithms/code-challenges/arrayBinarySearch/array-binary-search.js","statementMap":{"0":{"start":{"line":2,"column":4},"end":{"line":6,"column":5}},"1":{"start":{"line":2,"column":14},"end":{"line":2,"column":15}},"2":{"start":{"line":3,"column":8},"end":{"line":5,"column":9}},"3":{"start":{"line":4,"column":12},"end":{"line":4,"column":21}},"4":{"start":{"line":7,"column":3},"end":{"line":7,"column":13}},"5":{"start":{"line":9,"column":12},"end":{"line":9,"column":29}},"6":{"start":{"line":10,"column":4},"end":{"line":10,"column":39}},"7":{"start":{"line":12,"column":0},"end":{"line":12,"column":28}}},"fnMap":{"0":{"name":"BinarySearch","decl":{"start":{"line":1,"column":9},"end":{"line":1,"column":21}},"loc":{"start":{"line":1,"column":42},"end":{"line":8,"column":5}},"line":1}},"branchMap":{"0":{"loc":{"start":{"line":3,"column":8},"end":{"line":5,"column":9}},"type":"if","locations":[{"start":{"line":3,"column":8},"end":{"line":5,"column":9}},{"start":{"line":3,"column":8},"end":{"line":5,"column":9}}],"line":3}},"s":{"0":2,"1":2,"2":6,"3":2,"4":0,"5":1,"6":1,"7":1},"f":{"0":2},"b":{"0":[2,4]},"_coverageSchema":"1a1c01bbd47fc00a2c39e90264f33305004495a9","hash":"e2f2f9cb7aa0cafd24dcd3c50457aefa6c32a1db"}
,"/mnt/c/Users/STD/ltuc/401/data-structures-and-algorithms/code-challenges/arrayShift/array-shift.js": {"path":"/mnt/c/Users/STD/ltuc/401/data-structures-and-algorithms/code-challenges/arrayShift/array-shift.js","statementMap":{"0":{"start":{"line":3,"column":18},"end":{"line":3,"column":41}},"1":{"start":{"line":4,"column":21},"end":{"line":4,"column":23}},"2":{"start":{"line":5,"column":4},"end":{"line":5,"column":29}},"3":{"start":{"line":7,"column":4},"end":{"line":9,"column":5}},"4":{"start":{"line":7,"column":15},"end":{"line":7,"column":16}},"5":{"start":{"line":8,"column":8},"end":{"line":8,"column":30}},"6":{"start":{"line":10,"column":4},"end":{"line":12,"column":5}},"7":{"start":{"line":10,"column":16},"end":{"line":10,"column":26}},"8":{"start":{"line":11,"column":8},"end":{"line":11,"column":32}},"9":{"start":{"line":13,"column":4},"end":{"line":13,"column":23}},"10":{"start":{"line":17,"column":0},"end":{"line":17,"column":44}},"11":{"start":{"line":19,"column":0},"end":{"line":19,"column":34}}},"fnMap":{"0":{"name":"insertShiftArray","decl":{"start":{"line":2,"column":9},"end":{"line":2,"column":25}},"loc":{"start":{"line":2,"column":34},"end":{"line":14,"column":1}},"line":2}},"branchMap":{},"s":{"0":2,"1":2,"2":2,"3":2,"4":2,"5":4,"6":2,"7":2,"8":4,"9":2,"10":1,"11":1},"f":{"0":2},"b":{},"_coverageSchema":"1a1c01bbd47fc00a2c39e90264f33305004495a9","hash":"13e9c1cf9d897db084619b575dfda497ace78cf5"}
}
