{"/mnt/c/Users/STD/ltuc/401/data-structures-and-algorithms/code-challenges/Data-Structures/linkedList/linked-list.js": {"path":"/mnt/c/Users/STD/ltuc/401/data-structures-and-algorithms/code-challenges/Data-Structures/linkedList/linked-list.js","statementMap":{"0":{"start":{"line":3,"column":8},"end":{"line":3,"column":26}},"1":{"start":{"line":4,"column":8},"end":{"line":4,"column":25}},"2":{"start":{"line":12,"column":8},"end":{"line":12,"column":25}},"3":{"start":{"line":17,"column":22},"end":{"line":17,"column":37}},"4":{"start":{"line":19,"column":8},"end":{"line":22,"column":9}},"5":{"start":{"line":20,"column":12},"end":{"line":20,"column":32}},"6":{"start":{"line":21,"column":12},"end":{"line":21,"column":24}},"7":{"start":{"line":23,"column":22},"end":{"line":23,"column":31}},"8":{"start":{"line":24,"column":8},"end":{"line":26,"column":9}},"9":{"start":{"line":25,"column":12},"end":{"line":25,"column":35}},"10":{"start":{"line":28,"column":8},"end":{"line":28,"column":31}},"11":{"start":{"line":29,"column":8},"end":{"line":29,"column":20}},"12":{"start":{"line":33,"column":22},"end":{"line":33,"column":31}},"13":{"start":{"line":34,"column":8},"end":{"line":39,"column":9}},"14":{"start":{"line":35,"column":12},"end":{"line":37,"column":13}},"15":{"start":{"line":36,"column":16},"end":{"line":36,"column":28}},"16":{"start":{"line":38,"column":12},"end":{"line":38,"column":35}},"17":{"start":{"line":40,"column":8},"end":{"line":40,"column":21}},"18":{"start":{"line":45,"column":18},"end":{"line":45,"column":27}},"19":{"start":{"line":46,"column":14},"end":{"line":46,"column":36}},"20":{"start":{"line":47,"column":4},"end":{"line":51,"column":5}},"21":{"start":{"line":48,"column":8},"end":{"line":48,"column":31}},"22":{"start":{"line":49,"column":8},"end":{"line":49,"column":42}},"23":{"start":{"line":52,"column":4},"end":{"line":52,"column":29}},"24":{"start":{"line":56,"column":0},"end":{"line":56,"column":39}}},"fnMap":{"0":{"name":"(anonymous_0)","decl":{"start":{"line":2,"column":4},"end":{"line":2,"column":5}},"loc":{"start":{"line":2,"column":22},"end":{"line":6,"column":5}},"line":2},"1":{"name":"(anonymous_1)","decl":{"start":{"line":11,"column":4},"end":{"line":11,"column":5}},"loc":{"start":{"line":11,"column":18},"end":{"line":14,"column":5}},"line":11},"2":{"name":"(anonymous_2)","decl":{"start":{"line":16,"column":4},"end":{"line":16,"column":5}},"loc":{"start":{"line":16,"column":21},"end":{"line":31,"column":5}},"line":16},"3":{"name":"(anonymous_3)","decl":{"start":{"line":32,"column":4},"end":{"line":32,"column":5}},"loc":{"start":{"line":32,"column":20},"end":{"line":41,"column":5}},"line":32},"4":{"name":"(anonymous_4)","decl":{"start":{"line":43,"column":0},"end":{"line":43,"column":1}},"loc":{"start":{"line":43,"column":10},"end":{"line":53,"column":3}},"line":43}},"branchMap":{"0":{"loc":{"start":{"line":16,"column":11},"end":{"line":16,"column":19}},"type":"default-arg","locations":[{"start":{"line":16,"column":17},"end":{"line":16,"column":19}}],"line":16},"1":{"loc":{"start":{"line":19,"column":8},"end":{"line":22,"column":9}},"type":"if","locations":[{"start":{"line":19,"column":8},"end":{"line":22,"column":9}},{"start":{"line":19,"column":8},"end":{"line":22,"column":9}}],"line":19},"2":{"loc":{"start":{"line":35,"column":12},"end":{"line":37,"column":13}},"type":"if","locations":[{"start":{"line":35,"column":12},"end":{"line":37,"column":13}},{"start":{"line":35,"column":12},"end":{"line":37,"column":13}}],"line":35}},"s":{"0":2,"1":2,"2":1,"3":2,"4":2,"5":1,"6":1,"7":1,"8":1,"9":0,"10":1,"11":1,"12":1,"13":1,"14":2,"15":0,"16":2,"17":1,"18":1,"19":1,"20":1,"21":1,"22":1,"23":1,"24":1},"f":{"0":2,"1":1,"2":2,"3":1,"4":1},"b":{"0":[0],"1":[1,1],"2":[0,2]},"_coverageSchema":"1a1c01bbd47fc00a2c39e90264f33305004495a9","hash":"92982181037c5c0ccc70668f6f1f540c300dab49"}
,"/mnt/c/Users/STD/ltuc/401/data-structures-and-algorithms/code-challenges/arrayBinarySearch/array-binary-search.js": {"path":"/mnt/c/Users/STD/ltuc/401/data-structures-and-algorithms/code-challenges/arrayBinarySearch/array-binary-search.js","statementMap":{"0":{"start":{"line":2,"column":4},"end":{"line":6,"column":5}},"1":{"start":{"line":2,"column":14},"end":{"line":2,"column":15}},"2":{"start":{"line":3,"column":8},"end":{"line":5,"column":9}},"3":{"start":{"line":4,"column":12},"end":{"line":4,"column":21}},"4":{"start":{"line":7,"column":3},"end":{"line":7,"column":13}},"5":{"start":{"line":9,"column":12},"end":{"line":9,"column":29}},"6":{"start":{"line":10,"column":4},"end":{"line":10,"column":39}},"7":{"start":{"line":12,"column":0},"end":{"line":12,"column":28}}},"fnMap":{"0":{"name":"BinarySearch","decl":{"start":{"line":1,"column":9},"end":{"line":1,"column":21}},"loc":{"start":{"line":1,"column":42},"end":{"line":8,"column":5}},"line":1}},"branchMap":{"0":{"loc":{"start":{"line":3,"column":8},"end":{"line":5,"column":9}},"type":"if","locations":[{"start":{"line":3,"column":8},"end":{"line":5,"column":9}},{"start":{"line":3,"column":8},"end":{"line":5,"column":9}}],"line":3}},"s":{"0":2,"1":2,"2":6,"3":2,"4":0,"5":1,"6":1,"7":1},"f":{"0":2},"b":{"0":[2,4]},"_coverageSchema":"1a1c01bbd47fc00a2c39e90264f33305004495a9","hash":"e2f2f9cb7aa0cafd24dcd3c50457aefa6c32a1db"}
,"/mnt/c/Users/STD/ltuc/401/data-structures-and-algorithms/code-challenges/arrayShift/array-shift.js": {"path":"/mnt/c/Users/STD/ltuc/401/data-structures-and-algorithms/code-challenges/arrayShift/array-shift.js","statementMap":{"0":{"start":{"line":3,"column":18},"end":{"line":3,"column":41}},"1":{"start":{"line":4,"column":21},"end":{"line":4,"column":23}},"2":{"start":{"line":5,"column":4},"end":{"line":5,"column":29}},"3":{"start":{"line":7,"column":4},"end":{"line":9,"column":5}},"4":{"start":{"line":7,"column":15},"end":{"line":7,"column":16}},"5":{"start":{"line":8,"column":8},"end":{"line":8,"column":30}},"6":{"start":{"line":10,"column":4},"end":{"line":12,"column":5}},"7":{"start":{"line":10,"column":16},"end":{"line":10,"column":26}},"8":{"start":{"line":11,"column":8},"end":{"line":11,"column":32}},"9":{"start":{"line":13,"column":4},"end":{"line":13,"column":23}},"10":{"start":{"line":17,"column":0},"end":{"line":17,"column":44}},"11":{"start":{"line":19,"column":0},"end":{"line":19,"column":34}}},"fnMap":{"0":{"name":"insertShiftArray","decl":{"start":{"line":2,"column":9},"end":{"line":2,"column":25}},"loc":{"start":{"line":2,"column":34},"end":{"line":14,"column":1}},"line":2}},"branchMap":{},"s":{"0":2,"1":2,"2":2,"3":2,"4":2,"5":4,"6":2,"7":2,"8":4,"9":2,"10":1,"11":1},"f":{"0":2},"b":{},"_coverageSchema":"1a1c01bbd47fc00a2c39e90264f33305004495a9","hash":"13e9c1cf9d897db084619b575dfda497ace78cf5"}
}
