TN:
SF:code-challenges/Data-Structures/linkedList/linked-list.js
FN:3,(anonymous_0)
FN:12,(anonymous_1)
FN:17,(anonymous_2)
FN:32,(anonymous_3)
FN:43,(anonymous_4)
FN:55,(anonymous_5)
FN:76,(anonymous_6)
FN:98,(anonymous_7)
FNF:8
FNH:6
FNDA:54,(anonymous_0)
FNDA:13,(anonymous_1)
FNDA:54,(anonymous_2)
FNDA:1,(anonymous_3)
FNDA:6,(anonymous_4)
FNDA:0,(anonymous_5)
FNDA:0,(anonymous_6)
FNDA:1,(anonymous_7)
DA:4,54
DA:5,54
DA:13,13
DA:18,54
DA:20,54
DA:21,13
DA:22,13
DA:24,41
DA:25,41
DA:26,59
DA:29,41
DA:30,41
DA:33,1
DA:34,1
DA:35,2
DA:36,0
DA:38,2
DA:40,1
DA:45,6
DA:46,6
DA:47,6
DA:48,23
DA:49,23
DA:52,6
DA:56,0
DA:57,0
DA:58,0
DA:59,0
DA:60,0
DA:61,0
DA:63,0
DA:64,0
DA:65,0
DA:66,0
DA:67,0
DA:68,0
DA:70,0
DA:73,0
DA:77,0
DA:78,0
DA:79,0
DA:80,0
DA:82,0
DA:83,0
DA:84,0
DA:85,0
DA:86,0
DA:87,0
DA:89,0
DA:93,0
DA:99,1
DA:100,1
DA:101,1
DA:102,1
DA:103,1
DA:104,1
DA:105,1
DA:106,3
DA:107,3
DA:109,1
DA:110,0
DA:112,1
DA:113,0
DA:115,1
DA:118,0
DA:121,0
DA:126,2
DA:127,2
DA:128,2
DA:129,2
DA:130,2
DA:133,2
LF:72
LH:41
BRDA:17,0,0,0
BRDA:20,1,0,13
BRDA:20,1,1,41
BRDA:35,2,0,0
BRDA:35,2,1,2
BRDA:58,3,0,0
BRDA:58,3,1,0
BRDA:63,4,0,0
BRDA:63,4,1,0
BRDA:64,5,0,0
BRDA:64,5,1,0
BRDA:79,6,0,0
BRDA:79,6,1,0
BRDA:82,7,0,0
BRDA:82,7,1,0
BRDA:83,8,0,0
BRDA:83,8,1,0
BRDA:100,9,0,1
BRDA:100,9,1,0
BRDA:100,10,0,1
BRDA:100,10,1,1
BRDA:101,11,0,1
BRDA:101,11,1,0
BRDA:112,12,0,0
BRDA:112,12,1,1
BRF:25
BRH:8
end_of_record
TN:
SF:code-challenges/Data-Structures/ll-merge/ll-merge.js
FN:21,mergeLists
FNF:1
FNH:1
FNDA:3,mergeLists
DA:2,1
DA:4,1
DA:5,1
DA:7,1
DA:8,1
DA:9,1
DA:11,1
DA:12,1
DA:13,1
DA:14,1
DA:18,1
DA:19,1
DA:22,3
DA:23,3
DA:24,3
DA:27,3
DA:28,11
DA:29,9
DA:30,9
DA:33,11
DA:34,11
DA:35,11
DA:40,3
DA:43,1
DA:44,1
LF:25
LH:25
BRDA:27,0,0,14
BRDA:27,0,1,5
BRDA:28,1,0,9
BRDA:28,1,1,2
BRDA:33,2,0,11
BRDA:33,2,1,0
BRF:6
BRH:5
end_of_record
TN:
SF:code-challenges/arrayBinarySearch/array-binary-search.js
FN:1,BinarySearch
FNF:1
FNH:1
FNDA:2,BinarySearch
DA:2,2
DA:3,6
DA:4,2
DA:7,0
DA:9,1
DA:10,1
DA:12,1
LF:7
LH:6
BRDA:3,0,0,2
BRDA:3,0,1,4
BRF:2
BRH:2
end_of_record
TN:
SF:code-challenges/arrayShift/array-shift.js
FN:2,insertShiftArray
FNF:1
FNH:1
FNDA:2,insertShiftArray
DA:3,2
DA:4,2
DA:5,2
DA:7,2
DA:8,4
DA:10,2
DA:11,4
DA:13,2
DA:17,1
DA:19,1
LF:10
LH:10
BRF:0
BRH:0
end_of_record
TN:
SF:code-challenges/insertion-sort/isertion-sort.js
FN:4,InsertionSort
FNF:1
FNH:1
FNDA:3,InsertionSort
DA:5,3
DA:6,18
DA:7,18
DA:9,18
DA:10,22
DA:11,22
DA:13,18
DA:15,3
DA:18,1
LF:9
LH:9
BRDA:9,0,0,40
BRDA:9,0,1,32
BRF:2
BRH:2
end_of_record
TN:
SF:code-challenges/merge-sort/merge-sort.js
FN:3,(anonymous_0)
FN:20,(anonymous_1)
FNF:2
FNH:2
FNDA:33,(anonymous_0)
FNDA:15,(anonymous_1)
DA:3,1
DA:4,33
DA:6,33
DA:7,15
DA:8,15
DA:9,15
DA:11,15
DA:12,15
DA:13,15
DA:16,18
DA:20,1
DA:21,15
DA:22,15
DA:23,15
DA:25,15
DA:26,27
DA:27,15
DA:28,15
DA:30,12
DA:31,12
DA:33,27
DA:36,15
DA:37,7
DA:38,9
DA:39,9
DA:42,8
DA:43,12
DA:44,12
DA:47,15
DA:51,1
LF:30
LH:30
BRDA:6,0,0,15
BRDA:6,0,1,18
BRDA:25,1,0,42
BRDA:25,1,1,35
BRDA:26,2,0,15
BRDA:26,2,1,12
BRDA:36,3,0,7
BRDA:36,3,1,8
BRF:8
BRH:8
end_of_record
TN:
SF:code-challenges/quick-sort/quick-sort.js
FN:2,QuickSort
FN:11,Partition
FN:25,Swap
FNF:3
FNH:3
FNDA:14,QuickSort
FNDA:6,Partition
FNDA:12,Swap
DA:3,14
DA:4,6
DA:5,6
DA:6,6
DA:8,14
DA:12,6
DA:13,6
DA:15,6
DA:16,16
DA:17,6
DA:18,6
DA:21,6
DA:22,6
DA:27,12
DA:28,12
DA:29,12
DA:32,1
DA:35,1
LF:18
LH:18
BRDA:3,0,0,6
BRDA:3,0,1,8
BRDA:16,1,0,6
BRDA:16,1,1,10
BRF:4
BRH:4
end_of_record
