TN:
SF:code-challenges/Data-Structures/linkedList/linked-list.js
FN:2,(anonymous_0)
FN:11,(anonymous_1)
FN:16,(anonymous_2)
FN:32,(anonymous_3)
FN:43,(anonymous_4)
FNF:5
FNH:5
FNDA:2,(anonymous_0)
FNDA:1,(anonymous_1)
FNDA:2,(anonymous_2)
FNDA:1,(anonymous_3)
FNDA:1,(anonymous_4)
DA:3,2
DA:4,2
DA:12,1
DA:17,2
DA:19,2
DA:20,1
DA:21,1
DA:23,1
DA:24,1
DA:25,0
DA:28,1
DA:29,1
DA:33,1
DA:34,1
DA:35,2
DA:36,0
DA:38,2
DA:40,1
DA:45,1
DA:46,1
DA:47,1
DA:48,1
DA:49,1
DA:52,1
DA:56,1
LF:25
LH:23
BRDA:16,0,0,0
BRDA:19,1,0,1
BRDA:19,1,1,1
BRDA:35,2,0,0
BRDA:35,2,1,2
BRF:5
BRH:3
end_of_record
TN:
SF:code-challenges/arrayBinarySearch/array-binary-search.js
FN:1,BinarySearch
FNF:1
FNH:1
FNDA:2,BinarySearch
DA:2,2
DA:3,6
DA:4,2
DA:7,0
DA:9,1
DA:10,1
DA:12,1
LF:7
LH:6
BRDA:3,0,0,2
BRDA:3,0,1,4
BRF:2
BRH:2
end_of_record
TN:
SF:code-challenges/arrayShift/array-shift.js
FN:2,insertShiftArray
FNF:1
FNH:1
FNDA:2,insertShiftArray
DA:3,2
DA:4,2
DA:5,2
DA:7,2
DA:8,4
DA:10,2
DA:11,4
DA:13,2
DA:17,1
DA:19,1
LF:10
LH:10
BRF:0
BRH:0
end_of_record
